<?xml version="1.0" encoding="UTF-8"?>
<testsuite xmlns:xsi="http://www.w3.org/2001/XMLSchema-instance" xsi:noNamespaceSchemaLocation="https://maven.apache.org/surefire/maven-surefire-plugin/xsd/surefire-test-report.xsd" version="3.0.2" name="com.example.application.entities.SportsBaseRepositoryTest" time="0.051" tests="2" errors="0" skipped="0" failures="0">
  <properties>
[...]
</properties>
  <testcase name="test1" classname="com.example.application.entities.SportsBaseRepositoryTest" time="0.016">
    <system-out><![CDATA[2025-04-23T10:18:22.006+03:00  INFO 11068 --- [           main] t.c.s.AnnotationConfigContextLoaderUtils : Could not detect default configuration classes for test class [com.example.application.entities.SportsBaseRepositoryTest]: SportsBaseRepositoryTest does not declare any static, non-private, non-final, nested classes annotated with @Configuration.
2025-04-23T10:18:22.006+03:00  INFO 11068 --- [           main] .b.t.c.SpringBootTestContextBootstrapper : Found @SpringBootConfiguration com.example.application.Application for test class com.example.application.entities.SportsBaseRepositoryTest
Hibernate: 
    insert 
    into
        sports_base
        (address, admin_id, name) 
    values
        (?, ?, ?)
Hibernate: 
    select
        sb1_0.id,
        sb1_0.address,
        sb1_0.admin_id,
        sb1_0.name 
    from
        sports_base sb1_0 
    where
        sb1_0.address=?
Strada Noua
Strada Noua
Hibernate: 
    select
        sb1_0.id,
        sb1_0.address,
        a1_0.id_admin,
        a1_0.email,
        a1_0.name,
        a1_0.password,
        sb1_0.name 
    from
        sports_base sb1_0 
    left join
        basic_admin a1_0 
            on a1_0.id_admin=sb1_0.admin_id 
    where
        sb1_0.id=?
Hibernate: 
    select
        gl1_0.sports_base_id,
        gl1_0.id,
        gl1_0.capacity,
        gl1_0.name 
    from
        sport_ground gl1_0 
    where
        gl1_0.sports_base_id=?
Hibernate: 
    delete 
    from
        sports_base 
    where
        id=?
]]></system-out>
  </testcase>
  <testcase name="test2" classname="com.example.application.entities.SportsBaseRepositoryTest" time="0.015">
    <system-out><![CDATA[Hibernate: 
    insert 
    into
        sports_base
        (address, admin_id, name) 
    values
        (?, ?, ?)
Hibernate: 
    select
        sb1_0.id,
        sb1_0.address,
        sb1_0.admin_id,
        sb1_0.name 
    from
        sports_base sb1_0 
    where
        sb1_0.name=?
Baza 3
Baza 3
Hibernate: 
    select
        sb1_0.id,
        sb1_0.address,
        a1_0.id_admin,
        a1_0.email,
        a1_0.name,
        a1_0.password,
        sb1_0.name 
    from
        sports_base sb1_0 
    left join
        basic_admin a1_0 
            on a1_0.id_admin=sb1_0.admin_id 
    where
        sb1_0.id=?
Hibernate: 
    select
        gl1_0.sports_base_id,
        gl1_0.id,
        gl1_0.capacity,
        gl1_0.name 
    from
        sport_ground gl1_0 
    where
        gl1_0.sports_base_id=?
Hibernate: 
    delete 
    from
        sports_base 
    where
        id=?
]]></system-out>
  </testcase>
</testsuite>